<?xml version="1.0" encoding="UTF-8"?>
<testng-results skipped="0" failed="0" total="2" passed="2">
  <reporter-output>
    <line>
      <![CDATA[STEP1]]>
    </line>
    <line>
      <![CDATA[STEP2]]>
    </line>
    <line>
      <![CDATA[STEP3]]>
    </line>
    <line>
      <![CDATA[STEP4]]>
    </line>
  </reporter-output>
  <suite name="Suite" duration-ms="20503" started-at="2017-08-23T09:46:17Z" finished-at="2017-08-23T09:46:37Z">
    <groups>
      <group name="cucumber">
        <method signature="AbstractTestNGCucumberTests.feature(cucumber.api.testng.CucumberFeatureWrapper)[pri:0, instance:com.auvenir.ui.bdd.runner.TestRunner@3a82f6ef]" name="feature" class="cucumber.api.testng.AbstractTestNGCucumberTests"/>
      </group> <!-- cucumber -->
    </groups>
    <test name="SmokeTest - Chrome" duration-ms="20503" started-at="2017-08-23T09:46:17Z" finished-at="2017-08-23T09:46:37Z">
      <class name="com.auvenir.ui.bdd.runner.TestRunner">
        <test-method status="PASS" signature="setUpClass()[pri:0, instance:com.auvenir.ui.bdd.runner.TestRunner@3a82f6ef]" name="setUpClass" is-config="true" duration-ms="177" started-at="2017-08-23T16:46:17Z" finished-at="2017-08-23T16:46:17Z">
          <reporter-output>
          </reporter-output>
        </test-method> <!-- setUpClass -->
        <test-method status="PASS" signature="feature(cucumber.api.testng.CucumberFeatureWrapper)[pri:0, instance:com.auvenir.ui.bdd.runner.TestRunner@3a82f6ef]" name="feature" duration-ms="10686" started-at="2017-08-23T16:46:17Z" description="Runs Cucumber Feature" data-provider="features" finished-at="2017-08-23T16:46:28Z">
          <params>
            <param index="0">
              <value>
                <![CDATA[Login Feature - super admin]]>
              </value>
            </param>
          </params>
          <reporter-output>
            <line>
              <![CDATA[STEP1]]>
            </line>
            <line>
              <![CDATA[STEP2]]>
            </line>
          </reporter-output>
        </test-method> <!-- feature -->
        <test-method status="PASS" signature="feature(cucumber.api.testng.CucumberFeatureWrapper)[pri:0, instance:com.auvenir.ui.bdd.runner.TestRunner@3a82f6ef]" name="feature" duration-ms="9576" started-at="2017-08-23T16:46:28Z" description="Runs Cucumber Feature" data-provider="features" finished-at="2017-08-23T16:46:37Z">
          <params>
            <param index="0">
              <value>
                <![CDATA[Login Feature - admin]]>
              </value>
            </param>
          </params>
          <reporter-output>
            <line>
              <![CDATA[STEP3]]>
            </line>
            <line>
              <![CDATA[STEP4]]>
            </line>
          </reporter-output>
        </test-method> <!-- feature -->
        <test-method status="PASS" signature="tearDownClass()[pri:0, instance:com.auvenir.ui.bdd.runner.TestRunner@3a82f6ef]" name="tearDownClass" is-config="true" duration-ms="3" started-at="2017-08-23T16:46:37Z" finished-at="2017-08-23T16:46:37Z">
          <reporter-output>
          </reporter-output>
        </test-method> <!-- tearDownClass -->
      </class> <!-- com.auvenir.ui.bdd.runner.TestRunner -->
    </test> <!-- SmokeTest - Chrome -->
  </suite> <!-- Suite -->
</testng-results>
